<?xml version="1.0" encoding="UTF-8"?>
<robot generator="Robot 3.2.2 (Python 3.11.3 on win32)" generated="20230602 20:44:32.716" rpa="false">
<suite id="s1" name="RobotTestProyek" source="D:\Tugas Semester 4\PKPL\Proyek\RobotTestProyek">
<suite id="s1-s1" name="TestSuiteProyek" source="D:\Tugas Semester 4\PKPL\Proyek\RobotTestProyek\TestSuiteProyek">
<suite id="s1-s1-s1" name="MyFirstTest" source="D:\Tugas Semester 4\PKPL\Proyek\RobotTestProyek\TestSuiteProyek\MyFirstTest.robot">
<test id="s1-s1-s1-t1" name="RegTest 1">
<kw name="Open Browser" library="SeleniumLibrary">
<doc>Opens a new browser instance to the optional ``url``.</doc>
<arguments>
<arg>http://127.0.0.1:8000/registration</arg>
<arg>chrome</arg>
</arguments>
<msg timestamp="20230602 20:44:33.168" level="INFO">Opening browser 'chrome' to base url 'http://127.0.0.1:8000/registration'.</msg>
<status status="PASS" starttime="20230602 20:44:33.168" endtime="20230602 20:44:38.893"></status>
</kw>
<kw name="Set Selenium Implicit Wait" library="SeleniumLibrary">
<doc>Sets the implicit wait value used by Selenium.</doc>
<arguments>
<arg>20</arg>
</arguments>
<status status="PASS" starttime="20230602 20:44:38.894" endtime="20230602 20:44:38.901"></status>
</kw>
<kw name="Sleep" library="BuiltIn">
<doc>Pauses the test executed for the given time.</doc>
<arguments>
<arg>2</arg>
</arguments>
<msg timestamp="20230602 20:44:40.902" level="INFO">Slept 2 seconds</msg>
<status status="PASS" starttime="20230602 20:44:38.902" endtime="20230602 20:44:40.902"></status>
</kw>
<kw name="Input Text" library="SeleniumLibrary">
<doc>Types the given ``text`` into the text field identified by ``locator``.</doc>
<arguments>
<arg>namalengkap</arg>
<arg>Framss</arg>
</arguments>
<msg timestamp="20230602 20:44:40.902" level="INFO">Typing text 'Framss' into text field 'namalengkap'.</msg>
<status status="PASS" starttime="20230602 20:44:40.902" endtime="20230602 20:44:41.013"></status>
</kw>
<kw name="Input Text" library="SeleniumLibrary">
<doc>Types the given ``text`` into the text field identified by ``locator``.</doc>
<arguments>
<arg>alamat</arg>
<arg>Medan</arg>
</arguments>
<msg timestamp="20230602 20:44:41.013" level="INFO">Typing text 'Medan' into text field 'alamat'.</msg>
<status status="PASS" starttime="20230602 20:44:41.013" endtime="20230602 20:44:41.211"></status>
</kw>
<kw name="Input Text" library="SeleniumLibrary">
<doc>Types the given ``text`` into the text field identified by ``locator``.</doc>
<arguments>
<arg>username</arg>
<arg>FramsLakris</arg>
</arguments>
<msg timestamp="20230602 20:44:41.212" level="INFO">Typing text 'FramsLakris' into text field 'username'.</msg>
<status status="PASS" starttime="20230602 20:44:41.211" endtime="20230602 20:44:41.476"></status>
</kw>
<kw name="Input Text" library="SeleniumLibrary">
<doc>Types the given ``text`` into the text field identified by ``locator``.</doc>
<arguments>
<arg>nohp</arg>
<arg>082378112930</arg>
</arguments>
<msg timestamp="20230602 20:44:41.477" level="INFO">Typing text '082378112930' into text field 'nohp'.</msg>
<status status="PASS" starttime="20230602 20:44:41.476" endtime="20230602 20:44:41.741"></status>
</kw>
<kw name="Input Text" library="SeleniumLibrary">
<doc>Types the given ``text`` into the text field identified by ``locator``.</doc>
<arguments>
<arg>email</arg>
<arg>framslakris@gmail.com</arg>
</arguments>
<msg timestamp="20230602 20:44:41.744" level="INFO">Typing text 'framslakris@gmail.com' into text field 'email'.</msg>
<status status="PASS" starttime="20230602 20:44:41.743" endtime="20230602 20:44:41.862"></status>
</kw>
<kw name="Input Password" library="SeleniumLibrary">
<doc>Types the given password into the text field identified by ``locator``.</doc>
<arguments>
<arg>password</arg>
<arg>Framslakris34</arg>
</arguments>
<msg timestamp="20230602 20:44:41.862" level="INFO">Typing password into text field 'password'.</msg>
<msg timestamp="20230602 20:44:41.996" level="INFO">Temporally setting log level to: NONE</msg>
<msg timestamp="20230602 20:44:42.150" level="INFO">Log level changed from NONE to INFO.</msg>
<status status="PASS" starttime="20230602 20:44:41.862" endtime="20230602 20:44:42.151"></status>
</kw>
<kw name="Set Selenium Implicit Wait" library="SeleniumLibrary">
<doc>Sets the implicit wait value used by Selenium.</doc>
<arguments>
<arg>25</arg>
</arguments>
<status status="PASS" starttime="20230602 20:44:42.151" endtime="20230602 20:44:42.157"></status>
</kw>
<kw name="Execute Javascript" library="SeleniumLibrary">
<doc>Executes the given JavaScript code with possible arguments.</doc>
<arguments>
<arg>window.scrollTo(0, document.body.scrollHeight)</arg>
</arguments>
<msg timestamp="20230602 20:44:42.158" level="INFO">Executing JavaScript:
window.scrollTo(0, document.body.scrollHeight)
Without any arguments.</msg>
<status status="PASS" starttime="20230602 20:44:42.157" endtime="20230602 20:44:42.182"></status>
</kw>
<kw name="Click Element" library="SeleniumLibrary">
<doc>Click the element identified by ``locator``.</doc>
<arguments>
<arg>//*[@id="main-wrapper"]/div/div[3]/div/div/div[2]/div/div/div/form/div[7]/button</arg>
</arguments>
<msg timestamp="20230602 20:44:42.183" level="INFO">Clicking element '//*[@id="main-wrapper"]/div/div[3]/div/div/div[2]/div/div/div/form/div[7]/button'.</msg>
<status status="PASS" starttime="20230602 20:44:42.182" endtime="20230602 20:44:45.112"></status>
</kw>
<kw name="Sleep" library="BuiltIn">
<doc>Pauses the test executed for the given time.</doc>
<arguments>
<arg>15</arg>
</arguments>
<msg timestamp="20230602 20:45:00.114" level="INFO">Slept 15 seconds</msg>
<status status="PASS" starttime="20230602 20:44:45.113" endtime="20230602 20:45:00.114"></status>
</kw>
<kw name="Log" library="BuiltIn">
<doc>Logs the given message with the given level.</doc>
<arguments>
<arg>Test Completed</arg>
</arguments>
<msg timestamp="20230602 20:45:00.115" level="INFO">Test Completed</msg>
<status status="PASS" starttime="20230602 20:45:00.114" endtime="20230602 20:45:00.115"></status>
</kw>
<status status="PASS" starttime="20230602 20:44:33.167" endtime="20230602 20:45:00.115" critical="yes"></status>
</test>
<status status="PASS" starttime="20230602 20:44:32.801" endtime="20230602 20:45:00.116"></status>
</suite>
<status status="PASS" starttime="20230602 20:44:32.798" endtime="20230602 20:45:00.117"></status>
</suite>
<status status="PASS" starttime="20230602 20:44:32.760" endtime="20230602 20:45:00.118"></status>
</suite>
<statistics>
<total>
<stat pass="1" fail="0">Critical Tests</stat>
<stat pass="1" fail="0">All Tests</stat>
</total>
<tag>
</tag>
<suite>
<stat pass="1" fail="0" id="s1" name="RobotTestProyek">RobotTestProyek</stat>
<stat pass="1" fail="0" id="s1-s1" name="TestSuiteProyek">RobotTestProyek.TestSuiteProyek</stat>
<stat pass="1" fail="0" id="s1-s1-s1" name="MyFirstTest">RobotTestProyek.TestSuiteProyek.MyFirstTest</stat>
</suite>
</statistics>
<errors>
<msg timestamp="20230602 20:44:32.757" level="ERROR">Taking listener 'C:\Users\User\AppData\Local\Temp\RobotTempDir5330880625210200619\TestRunnerAgent.py:56219' into use failed: Importing listener 'C:\Users\User\AppData\Local\Temp\RobotTempDir5330880625210200619\TestRunnerAgent.py' failed: ModuleNotFoundError: No module named 'robot.parsing.populators'
Traceback (most recent call last):
  File "C:\Users\User\AppData\Local\Temp\RobotTempDir5330880625210200619\TestRunnerAgent.py", line 72, in &lt;module&gt;
    from robot.parsing.populators import READERS
PYTHONPATH:
  C:\Python311\Lib\site-packages
  D:\Tugas Semester 4\PKPL\Proyek\RobotTestProyek
  C:\Python311\python311.zip
  C:\Python311\DLLs
  C:\Python311\Lib
  C:\Python311
  C:\Python311\Lib\site-packages</msg>
</errors>
</robot>
